[INFO ] 04-21-2021 15:48:56 [main] EventSearchService createIndex - Create index: test-events3
[INFO ] 04-21-2021 15:48:56 [main] EventSearchService createIndex - Index create successfully test-events3
[INFO ] 04-21-2021 15:48:56 [main] EventSearchService checkIfIndexExist - Check if index exist: test-events3
[INFO ] 04-21-2021 15:48:56 [main] EventSearchService checkIfIndexExist - test-events3 exist: true
[INFO ] 04-21-2021 15:49:01 [main] EventSearchService insertEvents - Insert events:[Event{id='1', title='Spring tutorial', place='Zoom', eventType=WORKSHOP, description='Spring boot tutorial', subTopics=[Java, Spring]}, Event{id='2', title='Ruby tutorial', place='Lviv', eventType=TECH_TALK, description='Ruby tutorial', subTopics=[Ruby, Js]}, Event{id='3', title='React tutorial', place='Teams', eventType=WORKSHOP, description='React tutorial', subTopics=[React, Web]}]
[INFO ] 04-21-2021 15:49:01 [main] EventSearchService processMultipleBulkQuery - Event:CREATED
[INFO ] 04-21-2021 15:49:01 [main] EventSearchService getEventById - Get event by id:1
[INFO ] 04-21-2021 15:49:01 [main] EventSearchService processMultipleBulkQuery - Event:CREATED
[INFO ] 04-21-2021 15:49:01 [main] EventSearchService getEventById - Get event by id:2
[INFO ] 04-21-2021 15:49:01 [main] EventSearchService processMultipleBulkQuery - Event:CREATED
[INFO ] 04-21-2021 15:49:01 [main] EventSearchService getEventById - Get event by id:3
[INFO ] 04-21-2021 15:49:01 [main] EventSearchService insertEvent - Insert event:Event{id='4', title='React Native tutorial', place='Teams', eventType=WORKSHOP, description='React tutorial', subTopics=[React, Web]}
[INFO ] 04-21-2021 15:49:01 [main] EventSearchService insertEvent - Index CREATED
[INFO ] 04-21-2021 15:49:01 [main] EventSearchService getEventById - Get event by id:4
[INFO ] 04-21-2021 15:49:02 [main] EventSearchService getAllEvents - Get all events
[INFO ] 04-21-2021 15:49:02 [main] EventSearchService getAllEvents - Error:ElasticsearchStatusException[Elasticsearch exception [type=search_phase_execution_exception, reason=all shards failed]]; nested: ElasticsearchException[Elasticsearch exception [type=illegal_argument_exception, reason=Text fields are not optimised for operations that require per-document field data like aggregations and sorting, so these operations are disabled by default. Please use a keyword field instead. Alternatively, set fielddata=true on [id] in order to load field data by uninverting the inverted index. Note that this can use significant memory.]]; nested: ElasticsearchException[Elasticsearch exception [type=illegal_argument_exception, reason=Text fields are not optimised for operations that require per-document field data like aggregations and sorting, so these operations are disabled by default. Please use a keyword field instead. Alternatively, set fielddata=true on [id] in order to load field data by uninverting the inverted index. Note that this can use significant memory.]];; ElasticsearchException[Elasticsearch exception [type=illegal_argument_exception, reason=Text fields are not optimised for operations that require per-document field data like aggregations and sorting, so these operations are disabled by default. Please use a keyword field instead. Alternatively, set fielddata=true on [id] in order to load field data by uninverting the inverted index. Note that this can use significant memory.]]; nested: ElasticsearchException[Elasticsearch exception [type=illegal_argument_exception, reason=Text fields are not optimised for operations that require per-document field data like aggregations and sorting, so these operations are disabled by default. Please use a keyword field instead. Alternatively, set fielddata=true on [id] in order to load field data by uninverting the inverted index. Note that this can use significant memory.]];; org.elasticsearch.ElasticsearchException: Elasticsearch exception [type=illegal_argument_exception, reason=Text fields are not optimised for operations that require per-document field data like aggregations and sorting, so these operations are disabled by default. Please use a keyword field instead. Alternatively, set fielddata=true on [id] in order to load field data by uninverting the inverted index. Note that this can use significant memory.]
[INFO ] 04-21-2021 15:49:02 [main] EventSearchService getEventById - Get event by id:2
[INFO ] 04-21-2021 15:49:02 [main] EventSearchService updateEvent - Update event with id: 2
[INFO ] 04-21-2021 15:49:02 [main] EventSearchService updateEvent - Index NOOP
[INFO ] 04-21-2021 15:49:02 [main] EventSearchService getEventById - Get event by id:2
[INFO ] 04-21-2021 15:49:02 [main] EventSearchService getEventById - Get event by id:2
[INFO ] 04-21-2021 15:49:02 [main] EventSearchService deleteEvent - Delete event with id:1
[INFO ] 04-21-2021 15:49:02 [main] EventSearchService deleteEvent - Delete event with id:1 : DELETED
[INFO ] 04-21-2021 15:49:14 [main] EventSearchService deleteEventByTerm - Delete event with by term:place,Zoom
[INFO ] 04-21-2021 15:49:15 [main] EventSearchService deleteEventByTerm - Delete event by term: BulkIndexByScrollResponse[sliceId=null,updated=0,created=0,deleted=0,batches=0,versionConflicts=0,noops=0,retries=0,throttledUntil=0s]
[INFO ] 04-21-2021 15:49:23 [main] EventSearchService getAllEvents - Get all events
[INFO ] 04-21-2021 15:49:24 [main] EventSearchService getAllEvents - Error:ElasticsearchStatusException[Elasticsearch exception [type=search_phase_execution_exception, reason=all shards failed]]; nested: ElasticsearchException[Elasticsearch exception [type=illegal_argument_exception, reason=Text fields are not optimised for operations that require per-document field data like aggregations and sorting, so these operations are disabled by default. Please use a keyword field instead. Alternatively, set fielddata=true on [id] in order to load field data by uninverting the inverted index. Note that this can use significant memory.]]; nested: ElasticsearchException[Elasticsearch exception [type=illegal_argument_exception, reason=Text fields are not optimised for operations that require per-document field data like aggregations and sorting, so these operations are disabled by default. Please use a keyword field instead. Alternatively, set fielddata=true on [id] in order to load field data by uninverting the inverted index. Note that this can use significant memory.]];; ElasticsearchException[Elasticsearch exception [type=illegal_argument_exception, reason=Text fields are not optimised for operations that require per-document field data like aggregations and sorting, so these operations are disabled by default. Please use a keyword field instead. Alternatively, set fielddata=true on [id] in order to load field data by uninverting the inverted index. Note that this can use significant memory.]]; nested: ElasticsearchException[Elasticsearch exception [type=illegal_argument_exception, reason=Text fields are not optimised for operations that require per-document field data like aggregations and sorting, so these operations are disabled by default. Please use a keyword field instead. Alternatively, set fielddata=true on [id] in order to load field data by uninverting the inverted index. Note that this can use significant memory.]];; org.elasticsearch.ElasticsearchException: Elasticsearch exception [type=illegal_argument_exception, reason=Text fields are not optimised for operations that require per-document field data like aggregations and sorting, so these operations are disabled by default. Please use a keyword field instead. Alternatively, set fielddata=true on [id] in order to load field data by uninverting the inverted index. Note that this can use significant memory.]
[INFO ] 04-21-2021 15:49:43 [main] EventSearchService countEventsByTerm - Count events by term title, React Native tutorial
[INFO ] 04-21-2021 15:49:44 [main] EventSearchService countEventsByTerm - Counting is OK, amount: 13
[INFO ] 04-21-2021 15:49:47 [main] EventSearchService countEventsByTerm - Count events by term title, React Native tutorial
[INFO ] 04-21-2021 15:49:47 [main] EventSearchService countEventsByTerm - Counting is OK, amount: 13
[INFO ] 04-21-2021 15:51:05 [main] EventSearchService createIndex - Create index: test-events3
[INFO ] 04-21-2021 15:51:21 [main] EventSearchService createIndex - Create index: test-events4
[INFO ] 04-21-2021 15:51:21 [main] EventSearchService createIndex - Index create successfully test-events4
[INFO ] 04-21-2021 15:51:21 [main] EventSearchService checkIfIndexExist - Check if index exist: test-events4
[INFO ] 04-21-2021 15:51:21 [main] EventSearchService checkIfIndexExist - test-events4 exist: true
[INFO ] 04-21-2021 15:51:21 [main] EventSearchService insertEvents - Insert events:[Event{id='1', title='Spring tutorial', place='Zoom', eventType=WORKSHOP, description='Spring boot tutorial', subTopics=[Java, Spring]}, Event{id='2', title='Ruby tutorial', place='Lviv', eventType=TECH_TALK, description='Ruby tutorial', subTopics=[Ruby, Js]}, Event{id='3', title='React tutorial', place='Teams', eventType=WORKSHOP, description='React tutorial', subTopics=[React, Web]}]
[INFO ] 04-21-2021 15:51:21 [main] EventSearchService processMultipleBulkQuery - Event:UPDATED
[INFO ] 04-21-2021 15:51:21 [main] EventSearchService getEventById - Get event by id:1
[INFO ] 04-21-2021 15:51:21 [main] EventSearchService processMultipleBulkQuery - Event:UPDATED
[INFO ] 04-21-2021 15:51:21 [main] EventSearchService getEventById - Get event by id:2
[INFO ] 04-21-2021 15:51:21 [main] EventSearchService processMultipleBulkQuery - Event:UPDATED
[INFO ] 04-21-2021 15:51:21 [main] EventSearchService getEventById - Get event by id:3
[INFO ] 04-21-2021 15:51:21 [main] EventSearchService insertEvent - Insert event:Event{id='4', title='React Native tutorial', place='Teams', eventType=WORKSHOP, description='React tutorial', subTopics=[React, Web]}
[INFO ] 04-21-2021 15:51:21 [main] EventSearchService insertEvent - Index UPDATED
[INFO ] 04-21-2021 15:51:21 [main] EventSearchService getEventById - Get event by id:4
[INFO ] 04-21-2021 15:51:21 [main] EventSearchService getAllEvents - Get all events
[INFO ] 04-21-2021 15:51:21 [main] EventSearchService getAllEvents - Error:ElasticsearchStatusException[Elasticsearch exception [type=search_phase_execution_exception, reason=all shards failed]]; nested: ElasticsearchException[Elasticsearch exception [type=illegal_argument_exception, reason=Text fields are not optimised for operations that require per-document field data like aggregations and sorting, so these operations are disabled by default. Please use a keyword field instead. Alternatively, set fielddata=true on [id] in order to load field data by uninverting the inverted index. Note that this can use significant memory.]]; nested: ElasticsearchException[Elasticsearch exception [type=illegal_argument_exception, reason=Text fields are not optimised for operations that require per-document field data like aggregations and sorting, so these operations are disabled by default. Please use a keyword field instead. Alternatively, set fielddata=true on [id] in order to load field data by uninverting the inverted index. Note that this can use significant memory.]];; ElasticsearchException[Elasticsearch exception [type=illegal_argument_exception, reason=Text fields are not optimised for operations that require per-document field data like aggregations and sorting, so these operations are disabled by default. Please use a keyword field instead. Alternatively, set fielddata=true on [id] in order to load field data by uninverting the inverted index. Note that this can use significant memory.]]; nested: ElasticsearchException[Elasticsearch exception [type=illegal_argument_exception, reason=Text fields are not optimised for operations that require per-document field data like aggregations and sorting, so these operations are disabled by default. Please use a keyword field instead. Alternatively, set fielddata=true on [id] in order to load field data by uninverting the inverted index. Note that this can use significant memory.]];; org.elasticsearch.ElasticsearchException: Elasticsearch exception [type=illegal_argument_exception, reason=Text fields are not optimised for operations that require per-document field data like aggregations and sorting, so these operations are disabled by default. Please use a keyword field instead. Alternatively, set fielddata=true on [id] in order to load field data by uninverting the inverted index. Note that this can use significant memory.]
[INFO ] 04-21-2021 15:51:21 [main] EventSearchService getEventById - Get event by id:2
[INFO ] 04-21-2021 15:51:21 [main] EventSearchService updateEvent - Update event with id: 2
[INFO ] 04-21-2021 15:51:22 [main] EventSearchService updateEvent - Index NOOP
[INFO ] 04-21-2021 15:51:22 [main] EventSearchService getEventById - Get event by id:2
[INFO ] 04-21-2021 15:51:22 [main] EventSearchService getEventById - Get event by id:2
[INFO ] 04-21-2021 15:51:22 [main] EventSearchService deleteEvent - Delete event with id:1
[INFO ] 04-21-2021 15:51:22 [main] EventSearchService deleteEvent - Delete event with id:1 : NOT_FOUND
[INFO ] 04-21-2021 15:51:22 [main] EventSearchService deleteEventByTerm - Delete event with by term:place,Zoom
[INFO ] 04-21-2021 15:51:22 [main] EventSearchService deleteEventByTerm - Delete event by term: BulkIndexByScrollResponse[sliceId=null,updated=0,created=0,deleted=0,batches=0,versionConflicts=0,noops=0,retries=0,throttledUntil=0s]
[INFO ] 04-21-2021 15:51:22 [main] EventSearchService countEventsByTerm - Count events by term title, React Native tutorial
[INFO ] 04-21-2021 15:51:22 [main] EventSearchService countEventsByTerm - Counting is OK, amount: 13
